Arguments: 
  /home/guilherme/.nvm/versions/node/v20.4.0/bin/node /home/guilherme/.nvm/versions/node/v20.4.0/bin/yarn add @rocketseat/eslint-config/react --dev

PATH: 
  /home/guilherme/.nvm/versions/node/v20.4.0/bin:/usr/local/sbin:/usr/local/bin:/usr/sbin:/usr/bin:/sbin:/bin:/usr/games:/usr/local/games:/snap/bin:/snap/bin

Yarn version: 
  1.22.19

Node version: 
  20.4.0

Platform: 
  linux x64

Trace: 
  Error: https://registry.yarnpkg.com/@rocketseat%2feslint-config/react: Request "https://registry.yarnpkg.com/@rocketseat%2feslint-config/react" returned a 405
      at params.callback [as _callback] (/home/guilherme/.nvm/versions/node/v20.4.0/lib/node_modules/yarn/lib/cli.js:66154:18)
      at self.callback (/home/guilherme/.nvm/versions/node/v20.4.0/lib/node_modules/yarn/lib/cli.js:140890:22)
      at Request.emit (node:events:512:28)
      at Request.<anonymous> (/home/guilherme/.nvm/versions/node/v20.4.0/lib/node_modules/yarn/lib/cli.js:141862:10)
      at Request.emit (node:events:512:28)
      at IncomingMessage.<anonymous> (/home/guilherme/.nvm/versions/node/v20.4.0/lib/node_modules/yarn/lib/cli.js:141784:12)
      at Object.onceWrapper (node:events:626:28)
      at IncomingMessage.emit (node:events:524:35)
      at endReadableNT (node:internal/streams/readable:1378:12)
      at process.processTicksAndRejections (node:internal/process/task_queues:82:21)

npm manifest: 
  {
    "name": "cdc-site",
    "version": "0.1.0",
    "private": true,
    "scripts": {
      "dev": "next dev",
      "build": "next build",
      "start": "next start",
      "lint": "next lint"
    },
    "dependencies": {
      "@types/node": "20.4.5",
      "@types/react": "18.2.17",
      "@types/react-dom": "18.2.7",
      "autoprefixer": "10.4.14",
      "eslint": "8.46.0",
      "eslint-config-next": "13.4.12",
      "next": "13.4.12",
      "postcss": "8.4.27",
      "react": "18.2.0",
      "react-dom": "18.2.0",
      "tailwindcss": "3.3.3",
      "typescript": "5.1.6"
    }
  }

yarn manifest: 
  No manifest

Lockfile: 
  No lockfile
